Reading netlist file: "/home/sonny/Documents/GitHub/FPGA/Tang Nano 20k/PPChu/square_wavw/impl/gwsynthesis/square_wavw.vg"
Parsing netlist file "/home/sonny/Documents/GitHub/FPGA/Tang Nano 20k/PPChu/square_wavw/impl/gwsynthesis/square_wavw.vg" completed
Processing netlist completed
Reading constraint file: "/home/sonny/Documents/GitHub/FPGA/Tang Nano 20k/PPChu/square_wavw/src/square_wavw.cst"
Physical Constraint parsed completed
Running placement......
[10%] Placement Phase 0 completed
[20%] Placement Phase 1 completed
[30%] Placement Phase 2 completed
[50%] Placement Phase 3 completed
Running routing......
[60%] Routing Phase 0 completed
[70%] Routing Phase 1 completed
[80%] Routing Phase 2 completed
WARN  (PR1014) : Generic routing resource will be used to clock signal 'clk_d' by the specified constraint. And then it may lead to the excessive delay or skew
[90%] Routing Phase 3 completed
Running timing analysis......
[95%] Timing analysis completed
Placement and routing completed
Bitstream generation in progress......
Bitstream generation completed
Running power analysis......
[100%] Power analysis completed
Generate file "/home/sonny/Documents/GitHub/FPGA/Tang Nano 20k/PPChu/square_wavw/impl/pnr/square_wavw.power.html" completed
Generate file "/home/sonny/Documents/GitHub/FPGA/Tang Nano 20k/PPChu/square_wavw/impl/pnr/square_wavw.pin.html" completed
Generate file "/home/sonny/Documents/GitHub/FPGA/Tang Nano 20k/PPChu/square_wavw/impl/pnr/square_wavw.rpt.html" completed
Generate file "/home/sonny/Documents/GitHub/FPGA/Tang Nano 20k/PPChu/square_wavw/impl/pnr/square_wavw.rpt.txt" completed
Generate file "/home/sonny/Documents/GitHub/FPGA/Tang Nano 20k/PPChu/square_wavw/impl/pnr/square_wavw.tr.html" completed
Sat Nov 15 13:50:11 2025

