Reading netlist file: "D:\GitHub\FPGA\Tang Nano 20k\Led_VHDL\led_vhdl\impl\gwsynthesis\led_vhdl.vg"
Parsing netlist file "D:\GitHub\FPGA\Tang Nano 20k\Led_VHDL\led_vhdl\impl\gwsynthesis\led_vhdl.vg" completed
Processing netlist completed
Reading constraint file: "D:\GitHub\FPGA\Tang Nano 20k\Led_VHDL\led_vhdl\src\led_vhdl.cst"
Physical Constraint parsed completed
Running placement......
[10%] Placement Phase 0 completed
[20%] Placement Phase 1 completed
[30%] Placement Phase 2 completed
[50%] Placement Phase 3 completed
Running routing......
[60%] Routing Phase 0 completed
[70%] Routing Phase 1 completed
[80%] Routing Phase 2 completed
WARN  (PR1014) : Generic routing resource will be used to clock signal 'clock_d' by the specified constraint. And then it may lead to the excessive delay or skew
[90%] Routing Phase 3 completed
Running timing analysis......
[95%] Timing analysis completed
Placement and routing completed
Bitstream generation in progress......
Bitstream generation completed
Running power analysis......
[100%] Power analysis completed
Generate file "D:\GitHub\FPGA\Tang Nano 20k\Led_VHDL\led_vhdl\impl\pnr\led_vhdl.power.html" completed
Generate file "D:\GitHub\FPGA\Tang Nano 20k\Led_VHDL\led_vhdl\impl\pnr\led_vhdl.pin.html" completed
Generate file "D:\GitHub\FPGA\Tang Nano 20k\Led_VHDL\led_vhdl\impl\pnr\led_vhdl.rpt.html" completed
Generate file "D:\GitHub\FPGA\Tang Nano 20k\Led_VHDL\led_vhdl\impl\pnr\led_vhdl.rpt.txt" completed
Generate file "D:\GitHub\FPGA\Tang Nano 20k\Led_VHDL\led_vhdl\impl\pnr\led_vhdl.tr.html" completed
Tue Nov  5 10:37:14 2024

