Reading netlist file: "/home/sonny/Documents/GitHub/FPGA/Tang Nano 20k/PPChu/fpga_project_1/impl/gwsynthesis/fpga_project_1.vg"
Parsing netlist file "/home/sonny/Documents/GitHub/FPGA/Tang Nano 20k/PPChu/fpga_project_1/impl/gwsynthesis/fpga_project_1.vg" completed
Processing netlist completed
Reading constraint file: "/home/sonny/Documents/GitHub/FPGA/Tang Nano 20k/PPChu/fpga_project_1/src/fpga_project_1.cst"
Physical Constraint parsed completed
Running placement......
[10%] Placement Phase 0 completed
[20%] Placement Phase 1 completed
[30%] Placement Phase 2 completed
[50%] Placement Phase 3 completed
Running routing......
[60%] Routing Phase 0 completed
[70%] Routing Phase 1 completed
[80%] Routing Phase 2 completed
[90%] Routing Phase 3 completed
Running timing analysis......
[95%] Timing analysis completed
Placement and routing completed
Bitstream generation in progress......
Bitstream generation completed
Running power analysis......
[100%] Power analysis completed
Generate file "/home/sonny/Documents/GitHub/FPGA/Tang Nano 20k/PPChu/fpga_project_1/impl/pnr/fpga_project_1.power.html" completed
Generate file "/home/sonny/Documents/GitHub/FPGA/Tang Nano 20k/PPChu/fpga_project_1/impl/pnr/fpga_project_1.pin.html" completed
Generate file "/home/sonny/Documents/GitHub/FPGA/Tang Nano 20k/PPChu/fpga_project_1/impl/pnr/fpga_project_1.rpt.html" completed
Generate file "/home/sonny/Documents/GitHub/FPGA/Tang Nano 20k/PPChu/fpga_project_1/impl/pnr/fpga_project_1.rpt.txt" completed
Generate file "/home/sonny/Documents/GitHub/FPGA/Tang Nano 20k/PPChu/fpga_project_1/impl/pnr/fpga_project_1.tr.html" completed
Sat Nov 15 11:55:55 2025

