Reading netlist file: "/home/sonny/Documents/GitHub/FPGA/Tang Nano 20k/Oled/Oled/impl/gwsynthesis/Oled.vg"
Parsing netlist file "/home/sonny/Documents/GitHub/FPGA/Tang Nano 20k/Oled/Oled/impl/gwsynthesis/Oled.vg" completed
Processing netlist completed
Reading constraint file: "/home/sonny/Documents/GitHub/FPGA/Tang Nano 20k/Oled/Oled/src/Oled.cst"
Physical Constraint parsed completed
Running placement......
[10%] Placement Phase 0 completed
[20%] Placement Phase 1 completed
[30%] Placement Phase 2 completed
[50%] Placement Phase 3 completed
Running routing......
[60%] Routing Phase 0 completed
[70%] Routing Phase 1 completed
[80%] Routing Phase 2 completed
WARN  (PR1014) : Generic routing resource will be used to clock signal 'clk_27m_d' by the specified constraint. And then it may lead to the excessive delay or skew
[90%] Routing Phase 3 completed
Running timing analysis......
[95%] Timing analysis completed
Placement and routing completed
Bitstream generation in progress......
Bitstream generation completed
Running power analysis......
[100%] Power analysis completed
Generate file "/home/sonny/Documents/GitHub/FPGA/Tang Nano 20k/Oled/Oled/impl/pnr/Oled.power.html" completed
Generate file "/home/sonny/Documents/GitHub/FPGA/Tang Nano 20k/Oled/Oled/impl/pnr/Oled.pin.html" completed
Generate file "/home/sonny/Documents/GitHub/FPGA/Tang Nano 20k/Oled/Oled/impl/pnr/Oled.rpt.html" completed
Generate file "/home/sonny/Documents/GitHub/FPGA/Tang Nano 20k/Oled/Oled/impl/pnr/Oled.rpt.txt" completed
Generate file "/home/sonny/Documents/GitHub/FPGA/Tang Nano 20k/Oled/Oled/impl/pnr/Oled.tr.html" completed
Wed Oct 29 16:53:21 2025

